This is pdfTeX, Version 3.14159265-2.6-1.40.20 (MiKTeX 2.9.7140 64-bit) (preloaded format=pdflatex 2019.9.19)  20 SEP 2019 22:01
entering extended mode
**./cover.tex
(cover.tex
LaTeX2e <2018-12-01>
("C:\Users\1\AppData\Local\Programs\MiKTeX 2.9\tex/latex/base\letter.cls"
Document Class: letter 2014/09/29 v1.2z Standard LaTeX document class
("C:\Users\1\AppData\Local\Programs\MiKTeX 2.9\tex/latex/base\size11.clo"
File: size11.clo 2018/09/03 v1.4i Standard LaTeX file (size option)
)
\longindentation=\dimen102
\indentedwidth=\dimen103
\labelcount=\count80
)
("C:\Users\1\AppData\Local\Programs\MiKTeX 2.9\tex/latex/psnfss\newcent.sty"
Package: newcent 2005/04/12 PSNFSS-v9.2a (SPQR) 
)
(cover.aux)
\openout1 = `cover.aux'.

LaTeX Font Info:    Checking defaults for OML/cmm/m/it on input line 35.
LaTeX Font Info:    ... okay on input line 35.
LaTeX Font Info:    Checking defaults for T1/cmr/m/n on input line 35.
LaTeX Font Info:    ... okay on input line 35.
LaTeX Font Info:    Checking defaults for OT1/cmr/m/n on input line 35.
LaTeX Font Info:    ... okay on input line 35.
LaTeX Font Info:    Checking defaults for OMS/cmsy/m/n on input line 35.
LaTeX Font Info:    ... okay on input line 35.
LaTeX Font Info:    Checking defaults for OMX/cmex/m/n on input line 35.
LaTeX Font Info:    ... okay on input line 35.
LaTeX Font Info:    Checking defaults for U/cmr/m/n on input line 35.
LaTeX Font Info:    ... okay on input line 35.
LaTeX Font Info:    Try loading font information for OT1+pnc on input line 35.

("C:\Users\1\AppData\Local\Programs\MiKTeX 2.9\tex/latex/psnfss\ot1pnc.fd"
File: ot1pnc.fd 2001/06/04 font definitions for OT1/pnc.
)

cover.tex:74: Package inputenc Error: Unicode character А (U+0410)
(inputenc)                not set up for use with LaTeX.

See the inputenc package documentation for explanation.
Type  H <return>  for immediate help.
 ...                                              
                                                  
l.74 ... associated with nuclear-cytoplasmic RhoА
                                                   redistribution during rep...

You may provide a definition with
\DeclareUnicodeCharacter 

LaTeX Font Info:    External font `cmex10' loaded for size
(Font)              <10.95> on input line 86.
LaTeX Font Info:    External font `cmex10' loaded for size
(Font)              <8> on input line 86.
LaTeX Font Info:    External font `cmex10' loaded for size
(Font)              <6> on input line 86.
[1

{C:/Users/1/AppData/Local/MiKTeX/2.9/pdftex/config/pdftex.map}] (cover.aux) ) 
Here is how much of TeX's memory you used:
 205 strings out of 492895
 2534 string characters out of 3125603
 61538 words of memory out of 3000000
 4189 multiletter control sequences out of 15000+200000
 9775 words of font info for 28 fonts, out of 3000000 for 9000
 1141 hyphenation exceptions out of 8191
 25i,6n,19p,322b,219s stack positions out of 5000i,500n,10000p,200000b,50000s
{C
:/Users/1/AppData/Local/Programs/MiKTeX 2.9/fonts/enc/dvips/base/8r.enc}<C:/Use
rs/1/AppData/Local/Programs/MiKTeX 2.9/fonts/type1/urw/ncntrsbk/uncr8a.pfb><C:/
Users/1/AppData/Local/Programs/MiKTeX 2.9/fonts/type1/urw/ncntrsbk/uncri8a.pfb>

Output written on cover.pdf (1 page, 26986 bytes).
PDF statistics:
 15 PDF objects out of 1000 (max. 8388607)
 0 named destinations out of 1000 (max. 500000)
 1 words of extra memory for PDF output out of 10000 (max. 10000000)

